[2024-07-17T10:25:32.274+0000] {local_task_job_runner.py:120} INFO - ::group::Pre task execution logs
[2024-07-17T10:25:32.318+0000] {taskinstance.py:2076} INFO - Dependencies all met for dep_context=non-requeueable deps ti=<TaskInstance: parse_data_dag.parse_data manual__2024-07-17T10:25:27.281474+00:00 [queued]>
[2024-07-17T10:25:32.328+0000] {taskinstance.py:2076} INFO - Dependencies all met for dep_context=requeueable deps ti=<TaskInstance: parse_data_dag.parse_data manual__2024-07-17T10:25:27.281474+00:00 [queued]>
[2024-07-17T10:25:32.329+0000] {taskinstance.py:2306} INFO - Starting attempt 1 of 1
[2024-07-17T10:25:32.347+0000] {taskinstance.py:2330} INFO - Executing <Task(PythonOperator): parse_data> on 2024-07-17 10:25:27.281474+00:00
[2024-07-17T10:25:32.359+0000] {warnings.py:112} WARNING - /home/***/.local/lib/python3.12/site-packages/***/task/task_runner/standard_task_runner.py:62: DeprecationWarning: This process (pid=83) is multi-threaded, use of fork() may lead to deadlocks in the child.
  pid = os.fork()

[2024-07-17T10:25:32.361+0000] {standard_task_runner.py:64} INFO - Started process 86 to run task
[2024-07-17T10:25:32.362+0000] {standard_task_runner.py:90} INFO - Running: ['***', 'tasks', 'run', 'parse_data_dag', 'parse_data', 'manual__2024-07-17T10:25:27.281474+00:00', '--job-id', '62', '--raw', '--subdir', 'DAGS_FOLDER/parsing_dag.py', '--cfg-path', '/tmp/tmps9luyxhf']
[2024-07-17T10:25:32.366+0000] {standard_task_runner.py:91} INFO - Job 62: Subtask parse_data
[2024-07-17T10:25:32.501+0000] {task_command.py:426} INFO - Running <TaskInstance: parse_data_dag.parse_data manual__2024-07-17T10:25:27.281474+00:00 [running]> on host 1254a1bc6f0b
[2024-07-17T10:25:32.705+0000] {taskinstance.py:2648} INFO - Exporting env vars: AIRFLOW_CTX_DAG_OWNER='***' AIRFLOW_CTX_DAG_ID='parse_data_dag' AIRFLOW_CTX_TASK_ID='parse_data' AIRFLOW_CTX_EXECUTION_DATE='2024-07-17T10:25:27.281474+00:00' AIRFLOW_CTX_TRY_NUMBER='1' AIRFLOW_CTX_DAG_RUN_ID='manual__2024-07-17T10:25:27.281474+00:00'
[2024-07-17T10:25:32.710+0000] {taskinstance.py:430} INFO - ::endgroup::
[2024-07-17T10:26:05.466+0000] {logging_mixin.py:188} INFO - Result for almaty: {'usd': {'max-buy': {'market_name': 'Асар ОП (ТОО Лидер эксчейндж)', 'address': 'ул. Жандосова, 128 (мкр. Таугуль-1)', 'buy_rate': '475', 'sell_rate': '475.5', 'time': '17.07.2024, 10:25:17'}, 'min-buy': {'market_name': 'TEMA', 'address': 'пр. Абылай хана, 33, уг.пр.Райымбека (цокольный этаж)', 'buy_rate': '474', 'sell_rate': '475.5', 'time': '17.07.2024, 10:25:48'}, 'max-sell': {'market_name': 'Ecash 4', 'address': 'Ташкентский тракт, 17к (Апорт Молл)', 'buy_rate': '474.5', 'sell_rate': '476', 'time': '17.07.2024, 10:06:34'}, 'min-sell': {'market_name': 'TEMA', 'address': 'пр. Абылай хана, 33, уг.пр.Райымбека (цокольный этаж)', 'buy_rate': '474', 'sell_rate': '475.5', 'time': '17.07.2024, 10:25:48'}}, 'eur': {'max-buy': {'market_name': 'BARAKAT EXCHANGE', 'address': 'ул. Сатпаева, 6', 'buy_rate': '518', 'sell_rate': '521', 'time': '17.07.2024, 10:25:48'}, 'min-buy': {'market_name': 'TEMA', 'address': 'пр. Абылай хана, 33, уг.пр.Райымбека (цокольный этаж)', 'buy_rate': '512', 'sell_rate': '522', 'time': '17.07.2024, 10:25:48'}, 'max-sell': {'market_name': 'TEMA', 'address': 'пр. Абылай хана, 33, уг.пр.Райымбека (цокольный этаж)', 'buy_rate': '512', 'sell_rate': '522', 'time': '17.07.2024, 10:25:48'}, 'min-sell': {'market_name': 'ОП Москва', 'address': '8 микрорайон, 37/1, ТРЦ MOSKVA (цокольный этаж, пр.Абая, уг.ул. Алтынсарина)', 'buy_rate': '515', 'sell_rate': '520', 'time': '17.07.2024, 09:57:25'}}}
[2024-07-17T10:26:05.660+0000] {python.py:237} INFO - Done. Returned value was: None
[2024-07-17T10:26:05.661+0000] {taskinstance.py:441} INFO - ::group::Post task execution logs
[2024-07-17T10:26:05.683+0000] {taskinstance.py:1206} INFO - Marking task as SUCCESS. dag_id=parse_data_dag, task_id=parse_data, run_id=manual__2024-07-17T10:25:27.281474+00:00, execution_date=20240717T102527, start_date=20240717T102532, end_date=20240717T102605
[2024-07-17T10:26:05.739+0000] {local_task_job_runner.py:243} INFO - Task exited with return code 0
[2024-07-17T10:26:05.765+0000] {taskinstance.py:3503} INFO - 0 downstream tasks scheduled from follow-on schedule check
[2024-07-17T10:26:05.767+0000] {local_task_job_runner.py:222} INFO - ::endgroup::
