[2024-07-17T09:52:53.680+0000] {local_task_job_runner.py:120} INFO - ::group::Pre task execution logs
[2024-07-17T09:52:53.735+0000] {taskinstance.py:2076} INFO - Dependencies all met for dep_context=non-requeueable deps ti=<TaskInstance: parse_data_dag.parse_data manual__2024-07-17T09:52:48.776520+00:00 [queued]>
[2024-07-17T09:52:53.747+0000] {taskinstance.py:2076} INFO - Dependencies all met for dep_context=requeueable deps ti=<TaskInstance: parse_data_dag.parse_data manual__2024-07-17T09:52:48.776520+00:00 [queued]>
[2024-07-17T09:52:53.749+0000] {taskinstance.py:2306} INFO - Starting attempt 1 of 1
[2024-07-17T09:52:53.765+0000] {taskinstance.py:2330} INFO - Executing <Task(PythonOperator): parse_data> on 2024-07-17 09:52:48.776520+00:00
[2024-07-17T09:52:53.775+0000] {warnings.py:112} WARNING - /home/***/.local/lib/python3.12/site-packages/***/task/task_runner/standard_task_runner.py:62: DeprecationWarning: This process (pid=91) is multi-threaded, use of fork() may lead to deadlocks in the child.
  pid = os.fork()

[2024-07-17T09:52:53.777+0000] {standard_task_runner.py:64} INFO - Started process 94 to run task
[2024-07-17T09:52:53.777+0000] {standard_task_runner.py:90} INFO - Running: ['***', 'tasks', 'run', 'parse_data_dag', 'parse_data', 'manual__2024-07-17T09:52:48.776520+00:00', '--job-id', '56', '--raw', '--subdir', 'DAGS_FOLDER/parsing_dag.py', '--cfg-path', '/tmp/tmp0feibx5h']
[2024-07-17T09:52:53.780+0000] {standard_task_runner.py:91} INFO - Job 56: Subtask parse_data
[2024-07-17T09:52:53.874+0000] {task_command.py:426} INFO - Running <TaskInstance: parse_data_dag.parse_data manual__2024-07-17T09:52:48.776520+00:00 [running]> on host 1254a1bc6f0b
[2024-07-17T09:52:54.133+0000] {taskinstance.py:2648} INFO - Exporting env vars: AIRFLOW_CTX_DAG_OWNER='***' AIRFLOW_CTX_DAG_ID='parse_data_dag' AIRFLOW_CTX_TASK_ID='parse_data' AIRFLOW_CTX_EXECUTION_DATE='2024-07-17T09:52:48.776520+00:00' AIRFLOW_CTX_TRY_NUMBER='1' AIRFLOW_CTX_DAG_RUN_ID='manual__2024-07-17T09:52:48.776520+00:00'
[2024-07-17T09:52:54.136+0000] {taskinstance.py:430} INFO - ::endgroup::
[2024-07-17T09:53:04.535+0000] {logging_mixin.py:188} INFO - successadasasd
[2024-07-17T09:53:04.713+0000] {logging_mixin.py:188} INFO - <selenium.webdriver.remote.webelement.WebElement (session="b9bcb6edea991396a090a6982e98039c", element="f.98FD6648F22E88939A4F0C541B193DEF.d.AA06848BF200163ACC3D4404BF31377D.e.42")>
[2024-07-17T09:53:04.882+0000] {python.py:237} INFO - Done. Returned value was: None
[2024-07-17T09:53:04.884+0000] {taskinstance.py:441} INFO - ::group::Post task execution logs
[2024-07-17T09:53:04.904+0000] {taskinstance.py:1206} INFO - Marking task as SUCCESS. dag_id=parse_data_dag, task_id=parse_data, run_id=manual__2024-07-17T09:52:48.776520+00:00, execution_date=20240717T095248, start_date=20240717T095253, end_date=20240717T095304
[2024-07-17T09:53:04.972+0000] {local_task_job_runner.py:243} INFO - Task exited with return code 0
[2024-07-17T09:53:05.000+0000] {taskinstance.py:3503} INFO - 0 downstream tasks scheduled from follow-on schedule check
[2024-07-17T09:53:05.004+0000] {local_task_job_runner.py:222} INFO - ::endgroup::
