[2024-07-17T08:33:15.679+0000] {local_task_job_runner.py:120} INFO - ::group::Pre task execution logs
[2024-07-17T08:33:15.789+0000] {taskinstance.py:2076} INFO - Dependencies all met for dep_context=non-requeueable deps ti=<TaskInstance: parse_data_dag.parse_data scheduled__2024-07-16T00:00:00+00:00 [queued]>
[2024-07-17T08:33:15.813+0000] {taskinstance.py:2076} INFO - Dependencies all met for dep_context=requeueable deps ti=<TaskInstance: parse_data_dag.parse_data scheduled__2024-07-16T00:00:00+00:00 [queued]>
[2024-07-17T08:33:15.819+0000] {taskinstance.py:2306} INFO - Starting attempt 1 of 1
[2024-07-17T08:33:15.860+0000] {taskinstance.py:2330} INFO - Executing <Task(PythonOperator): parse_data> on 2024-07-16 00:00:00+00:00
[2024-07-17T08:33:15.895+0000] {warnings.py:112} WARNING - /home/***/.local/lib/python3.12/site-packages/***/task/task_runner/standard_task_runner.py:62: DeprecationWarning: This process (pid=76) is multi-threaded, use of fork() may lead to deadlocks in the child.
  pid = os.fork()

[2024-07-17T08:33:15.917+0000] {standard_task_runner.py:64} INFO - Started process 86 to run task
[2024-07-17T08:33:15.909+0000] {standard_task_runner.py:90} INFO - Running: ['***', 'tasks', 'run', 'parse_data_dag', 'parse_data', 'scheduled__2024-07-16T00:00:00+00:00', '--job-id', '34', '--raw', '--subdir', 'DAGS_FOLDER/parsing_dag.py', '--cfg-path', '/tmp/tmp5f_pg7cu']
[2024-07-17T08:33:15.930+0000] {standard_task_runner.py:91} INFO - Job 34: Subtask parse_data
[2024-07-17T08:33:16.068+0000] {task_command.py:426} INFO - Running <TaskInstance: parse_data_dag.parse_data scheduled__2024-07-16T00:00:00+00:00 [running]> on host 1254a1bc6f0b
[2024-07-17T08:33:16.297+0000] {taskinstance.py:2648} INFO - Exporting env vars: AIRFLOW_CTX_DAG_OWNER='***' AIRFLOW_CTX_DAG_ID='parse_data_dag' AIRFLOW_CTX_TASK_ID='parse_data' AIRFLOW_CTX_EXECUTION_DATE='2024-07-16T00:00:00+00:00' AIRFLOW_CTX_TRY_NUMBER='1' AIRFLOW_CTX_DAG_RUN_ID='scheduled__2024-07-16T00:00:00+00:00'
[2024-07-17T08:33:16.303+0000] {taskinstance.py:430} INFO - ::endgroup::
[2024-07-17T08:33:16.304+0000] {taskinstance.py:441} INFO - ::group::Post task execution logs
[2024-07-17T08:33:16.307+0000] {taskinstance.py:2905} ERROR - Task failed with exception
Traceback (most recent call last):
  File "/home/airflow/.local/lib/python3.12/site-packages/airflow/models/taskinstance.py", line 465, in _execute_task
    result = _execute_callable(context=context, **execute_callable_kwargs)
             ^^^^^^^^^^^^^^^^^^^^^^^^^^^^^^^^^^^^^^^^^^^^^^^^^^^^^^^^^^^^^
  File "/home/airflow/.local/lib/python3.12/site-packages/airflow/models/taskinstance.py", line 432, in _execute_callable
    return execute_callable(context=context, **execute_callable_kwargs)
           ^^^^^^^^^^^^^^^^^^^^^^^^^^^^^^^^^^^^^^^^^^^^^^^^^^^^^^^^^^^^
  File "/home/airflow/.local/lib/python3.12/site-packages/airflow/models/baseoperator.py", line 401, in wrapper
    return func(self, *args, **kwargs)
           ^^^^^^^^^^^^^^^^^^^^^^^^^^^
  File "/home/airflow/.local/lib/python3.12/site-packages/airflow/operators/python.py", line 235, in execute
    return_value = self.execute_callable()
                   ^^^^^^^^^^^^^^^^^^^^^^^
  File "/home/airflow/.local/lib/python3.12/site-packages/airflow/operators/python.py", line 252, in execute_callable
    return self.python_callable(*self.op_args, **self.op_kwargs)
           ^^^^^^^^^^^^^^^^^^^^^^^^^^^^^^^^^^^^^^^^^^^^^^^^^^^^^
  File "/opt/airflow/dags/parsing_dag.py", line 89, in parse_data
    with webdriver.Remote(f'{remote_webdriver}:4444/wd/hub', options=options) as driver:
                                                                     ^^^^^^^
NameError: name 'options' is not defined
[2024-07-17T08:33:16.366+0000] {taskinstance.py:1206} INFO - Marking task as FAILED. dag_id=parse_data_dag, task_id=parse_data, run_id=scheduled__2024-07-16T00:00:00+00:00, execution_date=20240716T000000, start_date=20240717T083315, end_date=20240717T083316
[2024-07-17T08:33:16.776+0000] {standard_task_runner.py:110} ERROR - Failed to execute job 34 for task parse_data (name 'options' is not defined; 86)
[2024-07-17T08:33:16.828+0000] {local_task_job_runner.py:243} INFO - Task exited with return code 1
[2024-07-17T08:33:16.888+0000] {local_task_job_runner.py:222} INFO - ::endgroup::
